vehiclemgrui/build/intermediates/manifest_merge_blame_file/debug/manifest-merger-blame-debug-report.txt
1<?xml version="1.0" encoding="utf-8"?>
2<manifest xmlns:android="http://schemas.android.com/apk/res/android"
3    package="com.mentalroad.vehiclemgrui" >
4
5    <uses-sdk
6        android:minSdkVersion="16"
6-->src/main/AndroidManifest.xml
7        android:targetSdkVersion="29" />
7-->src/main/AndroidManifest.xml
8
9    <uses-permission android:name="android.permission.ACCESS_NETWORK_STATE" />
9-->src/main/AndroidManifest.xml:5:5-79
9-->src/main/AndroidManifest.xml:5:22-76
10    <uses-permission android:name="android.permission.BLUETOOTH" />
10-->src/main/AndroidManifest.xml:6:5-68
10-->src/main/AndroidManifest.xml:6:22-65
11    <uses-permission android:name="android.permission.BLUETOOTH_ADMIN" />
11-->src/main/AndroidManifest.xml:8:5-74
11-->src/main/AndroidManifest.xml:8:22-71
12    <uses-permission android:name="android.permission.REORDER_TASKS" />
12-->src/main/AndroidManifest.xml:9:5-72
12-->src/main/AndroidManifest.xml:9:22-69
13    <uses-permission android:name="android.permission.VIBRATE" />
13-->src/main/AndroidManifest.xml:10:5-66
13-->src/main/AndroidManifest.xml:10:22-63
14
15    <application
15-->src/main/AndroidManifest.xml:12:5-17:19
16        android:allowBackup="true"
16-->src/main/AndroidManifest.xml:13:9-35
17        android:label="@string/app_name"
17-->src/main/AndroidManifest.xml:14:9-41
18        android:supportsRtl="true" >
18-->src/main/AndroidManifest.xml:15:9-35
19    </application>
20
21</manifest>